<?xml version="1.0" encoding="UTF-8"?>
<!-- Generated by org.testng.reporters.JUnitReportReporter -->
<testsuite skipped="1" hostname="Jhonasttans-MacBook-Pro.local" name="com.nopcommerce.testCases.TC_AddCustomerTest_003" tests="2" failures="0" timestamp="07 Jan 2022 17:43:03 GMT" time="45.068" errors="1">
  <testcase name="setup" time="45.068" classname="com.nopcommerce.testCases.TC_AddCustomerTest_003">
    <error type="org.openqa.selenium.SessionNotCreatedException" message="session not created
from disconnected: received Inspector.detached event
  (Session info: chrome=97.0.4692.71)
Build info: version: &#039;3.141.59&#039;, revision: &#039;e82be7d358&#039;, time: &#039;2018-11-14T08:17:03&#039;
System info: host: &#039;Jhonasttans-MacBook-Pro.local&#039;, ip: &#039;fe80:0:0:0:c97:dd9d:2df9:4e70%en0&#039;, os.name: &#039;Mac OS X&#039;, os.arch: &#039;x86_64&#039;, os.version: &#039;10.16&#039;, java.version: &#039;1.8.0_311&#039;
Driver info: driver.version: ChromeDriver
remote stacktrace: 0   chromedriver                        0x0000000107541269 __gxx_personality_v0 + 582729
1   chromedriver                        0x00000001074ccc33 __gxx_personality_v0 + 106003
2   chromedriver                        0x0000000107089e28 chromedriver + 171560
3   chromedriver                        0x0000000107076664 chromedriver + 91748
4   chromedriver                        0x0000000107076129 chromedriver + 90409
5   chromedriver                        0x0000000107075726 chromedriver + 87846
6   chromedriver                        0x000000010707475c chromedriver + 83804
7   chromedriver                        0x0000000107074a53 chromedriver + 84563
8   chromedriver                        0x0000000107074192 chromedriver + 82322
9   chromedriver                        0x00000001070830f1 chromedriver + 143601
10  chromedriver                        0x0000000107074146 chromedriver + 82246
11  chromedriver                        0x000000010707526c chromedriver + 86636
12  chromedriver                        0x000000010707475c chromedriver + 83804
13  chromedriver                        0x0000000107074a53 chromedriver + 84563
14  chromedriver                        0x0000000107074192 chromedriver + 82322
15  chromedriver                        0x00000001070809ee chromedriver + 133614
16  chromedriver                        0x0000000107074146 chromedriver + 82246
17  chromedriver                        0x000000010707526c chromedriver + 86636
18  chromedriver                        0x000000010707475c chromedriver + 83804
19  chromedriver                        0x0000000107074a53 chromedriver + 84563
20  chromedriver                        0x0000000107074192 chromedriver + 82322
21  chromedriver                        0x000000010707c44d chromedriver + 115789
22  chromedriver                        0x0000000107074146 chromedriver + 82246
23  chromedriver                        0x000000010707526c chromedriver + 86636
24  chromedriver                        0x000000010707475c chromedriver + 83804
25  chromedriver                        0x0000000107074a53 chromedriver + 84563
26  chromedriver                        0x0000000107074192 chromedriver + 82322
27  chromedriver                        0x000000010707b49b chromedriver + 111771
28  chromedriver                        0x0000000107074146 chromedriver + 82246
29  chromedriver                        0x000000010707526c chromedriver + 86636
30  chromedriver                        0x000000010707475c chromedriver + 83804
31  chromedriver                        0x0000000107074a53 chromedriver + 84563
32  chromedriver                        0x0000000107074192 chromedriver + 82322
33  chromedriver                        0x000000010706ef6b chromedriver + 61291
34  chromedriver                        0x0000000107074146 chromedriver + 82246
35  chromedriver                        0x000000010707408b chromedriver + 82059
36  chromedriver                        0x0000000107073bb6 chromedriver + 80822
37  chromedriver                        0x000000010708b2b3 chromedriver + 176819
38  chromedriver                        0x00000001070e3d83 chromedriver + 540035
39  chromedriver                        0x00000001070dc723 chromedriver + 509731
40  chromedriver                        0x00000001070b275e chromedriver + 337758
41  chromedriver                        0x00000001070b3a95 chromedriver + 342677
42  chromedriver                        0x00000001074fd8ab __gxx_personality_v0 + 305803
43  chromedriver                        0x0000000107514863 __gxx_personality_v0 + 399939
44  chromedriver                        0x0000000107519c7f __gxx_personality_v0 + 421471
45  chromedriver                        0x0000000107515bba __gxx_personality_v0 + 404890
46  chromedriver                        0x00000001074f1e51 __gxx_personality_v0 + 258097
47  chromedriver                        0x0000000107531158 __gxx_personality_v0 + 516920
48  chromedriver                        0x00000001075312e1 __gxx_personality_v0 + 517313
49  chromedriver                        0x00000001075486f8 __gxx_personality_v0 + 612568
50  libsystem_pthread.dylib             0x00007ff81c39a514 _pthread_start + 125
51  libsystem_pthread.dylib             0x00007ff81c39602f thread_start + 15
">
      <![CDATA[org.openqa.selenium.SessionNotCreatedException: session not created
from disconnected: received Inspector.detached event
  (Session info: chrome=97.0.4692.71)
Build info: version: '3.141.59', revision: 'e82be7d358', time: '2018-11-14T08:17:03'
System info: host: 'Jhonasttans-MacBook-Pro.local', ip: 'fe80:0:0:0:c97:dd9d:2df9:4e70%en0', os.name: 'Mac OS X', os.arch: 'x86_64', os.version: '10.16', java.version: '1.8.0_311'
Driver info: driver.version: ChromeDriver
remote stacktrace: 0   chromedriver                        0x0000000107541269 __gxx_personality_v0 + 582729
1   chromedriver                        0x00000001074ccc33 __gxx_personality_v0 + 106003
2   chromedriver                        0x0000000107089e28 chromedriver + 171560
3   chromedriver                        0x0000000107076664 chromedriver + 91748
4   chromedriver                        0x0000000107076129 chromedriver + 90409
5   chromedriver                        0x0000000107075726 chromedriver + 87846
6   chromedriver                        0x000000010707475c chromedriver + 83804
7   chromedriver                        0x0000000107074a53 chromedriver + 84563
8   chromedriver                        0x0000000107074192 chromedriver + 82322
9   chromedriver                        0x00000001070830f1 chromedriver + 143601
10  chromedriver                        0x0000000107074146 chromedriver + 82246
11  chromedriver                        0x000000010707526c chromedriver + 86636
12  chromedriver                        0x000000010707475c chromedriver + 83804
13  chromedriver                        0x0000000107074a53 chromedriver + 84563
14  chromedriver                        0x0000000107074192 chromedriver + 82322
15  chromedriver                        0x00000001070809ee chromedriver + 133614
16  chromedriver                        0x0000000107074146 chromedriver + 82246
17  chromedriver                        0x000000010707526c chromedriver + 86636
18  chromedriver                        0x000000010707475c chromedriver + 83804
19  chromedriver                        0x0000000107074a53 chromedriver + 84563
20  chromedriver                        0x0000000107074192 chromedriver + 82322
21  chromedriver                        0x000000010707c44d chromedriver + 115789
22  chromedriver                        0x0000000107074146 chromedriver + 82246
23  chromedriver                        0x000000010707526c chromedriver + 86636
24  chromedriver                        0x000000010707475c chromedriver + 83804
25  chromedriver                        0x0000000107074a53 chromedriver + 84563
26  chromedriver                        0x0000000107074192 chromedriver + 82322
27  chromedriver                        0x000000010707b49b chromedriver + 111771
28  chromedriver                        0x0000000107074146 chromedriver + 82246
29  chromedriver                        0x000000010707526c chromedriver + 86636
30  chromedriver                        0x000000010707475c chromedriver + 83804
31  chromedriver                        0x0000000107074a53 chromedriver + 84563
32  chromedriver                        0x0000000107074192 chromedriver + 82322
33  chromedriver                        0x000000010706ef6b chromedriver + 61291
34  chromedriver                        0x0000000107074146 chromedriver + 82246
35  chromedriver                        0x000000010707408b chromedriver + 82059
36  chromedriver                        0x0000000107073bb6 chromedriver + 80822
37  chromedriver                        0x000000010708b2b3 chromedriver + 176819
38  chromedriver                        0x00000001070e3d83 chromedriver + 540035
39  chromedriver                        0x00000001070dc723 chromedriver + 509731
40  chromedriver                        0x00000001070b275e chromedriver + 337758
41  chromedriver                        0x00000001070b3a95 chromedriver + 342677
42  chromedriver                        0x00000001074fd8ab __gxx_personality_v0 + 305803
43  chromedriver                        0x0000000107514863 __gxx_personality_v0 + 399939
44  chromedriver                        0x0000000107519c7f __gxx_personality_v0 + 421471
45  chromedriver                        0x0000000107515bba __gxx_personality_v0 + 404890
46  chromedriver                        0x00000001074f1e51 __gxx_personality_v0 + 258097
47  chromedriver                        0x0000000107531158 __gxx_personality_v0 + 516920
48  chromedriver                        0x00000001075312e1 __gxx_personality_v0 + 517313
49  chromedriver                        0x00000001075486f8 __gxx_personality_v0 + 612568
50  libsystem_pthread.dylib             0x00007ff81c39a514 _pthread_start + 125
51  libsystem_pthread.dylib             0x00007ff81c39602f thread_start + 15

at sun.reflect.NativeConstructorAccessorImpl.newInstance0(Native Method)
at sun.reflect.NativeConstructorAccessorImpl.newInstance(NativeConstructorAccessorImpl.java:62)
at sun.reflect.DelegatingConstructorAccessorImpl.newInstance(DelegatingConstructorAccessorImpl.java:45)
at java.lang.reflect.Constructor.newInstance(Constructor.java:423)
at org.openqa.selenium.remote.W3CHandshakeResponse.lambda$errorHandler$0(W3CHandshakeResponse.java:62)
at org.openqa.selenium.remote.HandshakeResponse.lambda$getResponseFunction$0(HandshakeResponse.java:30)
at org.openqa.selenium.remote.ProtocolHandshake.lambda$createSession$0(ProtocolHandshake.java:126)
at java.util.stream.ReferencePipeline$3$1.accept(ReferencePipeline.java:193)
at java.util.Spliterators$ArraySpliterator.tryAdvance(Spliterators.java:958)
at java.util.stream.ReferencePipeline.forEachWithCancel(ReferencePipeline.java:126)
at java.util.stream.AbstractPipeline.copyIntoWithCancel(AbstractPipeline.java:499)
at java.util.stream.AbstractPipeline.copyInto(AbstractPipeline.java:486)
at java.util.stream.AbstractPipeline.wrapAndCopyInto(AbstractPipeline.java:472)
at java.util.stream.FindOps$FindOp.evaluateSequential(FindOps.java:152)
at java.util.stream.AbstractPipeline.evaluate(AbstractPipeline.java:234)
at java.util.stream.ReferencePipeline.findFirst(ReferencePipeline.java:464)
at org.openqa.selenium.remote.ProtocolHandshake.createSession(ProtocolHandshake.java:128)
at org.openqa.selenium.remote.ProtocolHandshake.createSession(ProtocolHandshake.java:74)
at org.openqa.selenium.remote.HttpCommandExecutor.execute(HttpCommandExecutor.java:136)
at org.openqa.selenium.remote.service.DriverCommandExecutor.execute(DriverCommandExecutor.java:83)
at org.openqa.selenium.remote.RemoteWebDriver.execute(RemoteWebDriver.java:552)
at org.openqa.selenium.remote.RemoteWebDriver.startSession(RemoteWebDriver.java:213)
at org.openqa.selenium.remote.RemoteWebDriver.<init>(RemoteWebDriver.java:131)
at org.openqa.selenium.chrome.ChromeDriver.<init>(ChromeDriver.java:181)
at org.openqa.selenium.chrome.ChromeDriver.<init>(ChromeDriver.java:168)
at org.openqa.selenium.chrome.ChromeDriver.<init>(ChromeDriver.java:123)
at com.nopcommerce.testCases.BaseClass.setup(BaseClass.java:50)
at sun.reflect.NativeMethodAccessorImpl.invoke0(Native Method)
at sun.reflect.NativeMethodAccessorImpl.invoke(NativeMethodAccessorImpl.java:62)
at sun.reflect.DelegatingMethodAccessorImpl.invoke(DelegatingMethodAccessorImpl.java:43)
at java.lang.reflect.Method.invoke(Method.java:498)
at org.testng.internal.MethodInvocationHelper.invokeMethod(MethodInvocationHelper.java:124)
at org.testng.internal.MethodInvocationHelper.invokeMethodConsideringTimeout(MethodInvocationHelper.java:59)
at org.testng.internal.Invoker.invokeConfigurationMethod(Invoker.java:458)
at org.testng.internal.Invoker.invokeConfigurations(Invoker.java:222)
at org.testng.internal.Invoker.invokeConfigurations(Invoker.java:142)
at org.testng.internal.TestMethodWorker.invokeBeforeClassMethods(TestMethodWorker.java:168)
at org.testng.internal.TestMethodWorker.run(TestMethodWorker.java:105)
at org.testng.TestRunner.privateRun(TestRunner.java:648)
at org.testng.TestRunner.run(TestRunner.java:505)
at org.testng.SuiteRunner.runTest(SuiteRunner.java:455)
at org.testng.SuiteRunner.runSequentially(SuiteRunner.java:450)
at org.testng.SuiteRunner.privateRun(SuiteRunner.java:415)
at org.testng.SuiteRunner.run(SuiteRunner.java:364)
at org.testng.SuiteRunnerWorker.runSuite(SuiteRunnerWorker.java:52)
at org.testng.SuiteRunnerWorker.run(SuiteRunnerWorker.java:84)
at org.testng.TestNG.runSuitesSequentially(TestNG.java:1208)
at org.testng.TestNG.runSuitesLocally(TestNG.java:1137)
at org.testng.TestNG.runSuites(TestNG.java:1049)
at org.testng.TestNG.run(TestNG.java:1017)
at org.testng.remote.AbstractRemoteTestNG.run(AbstractRemoteTestNG.java:115)
at org.testng.remote.RemoteTestNG.initAndRun(RemoteTestNG.java:251)
at org.testng.remote.RemoteTestNG.main(RemoteTestNG.java:77)
]]>
    </error>
  </testcase> <!-- setup -->
  <testcase name="addNewCustomer" time="0.000" classname="com.nopcommerce.testCases.TC_AddCustomerTest_003">
    <skipped/>
  </testcase> <!-- addNewCustomer -->
</testsuite> <!-- com.nopcommerce.testCases.TC_AddCustomerTest_003 -->
